\BOOKMARK [0][-]{chapter.1}{\376\377\000O\000v\000e\000r\000v\000i\000e\000w}{}% 1
\BOOKMARK [0][-]{chapter.2}{\376\377\000I\000n\000s\000t\000a\000l\000l\000a\000t\000i\000o\000n\000\040\000G\000u\000i\000d\000e}{}% 2
\BOOKMARK [0][-]{chapter.3}{\376\377\000P\000e\000t\000r\000i\000\040\000n\000e\000t\000s\000\040\000o\000v\000e\000r\000v\000i\000e\000w}{}% 3
\BOOKMARK [1][-]{section.3.1}{\376\377\000U\000n\000t\000i\000m\000e\000d\000\040\000H\000y\000b\000r\000i\000d\000\040\000P\000e\000t\000r\000i\000\040\000n\000e\000t\000\040\000s\000y\000s\000t\000e\000m\000s}{chapter.3}% 4
\BOOKMARK [1][-]{section.3.2}{\376\377\000T\000i\000m\000e\000d\000\040\000H\000y\000b\000r\000i\000d\000\040\000P\000e\000t\000r\000i\000\040\000n\000e\000t\000\040\000s\000y\000s\000t\000e\000m\000s}{chapter.3}% 5
\BOOKMARK [0][-]{chapter.4}{\376\377\000U\000s\000i\000n\000g\000\040\000S\000i\000m\000H\000P\000N}{}% 6
\BOOKMARK [1][-]{section.4.1}{\376\377\000S\000h\000o\000r\000t\000\040\000d\000e\000s\000c\000r\000i\000p\000t\000i\000o\000n\000\040\000o\000f\000\040\000t\000h\000e\000\040\000G\000U\000I}{chapter.4}% 7
\BOOKMARK [1][-]{section.4.2}{\376\377\000A\000n\000a\000l\000y\000s\000i\000s\000\040\000a\000n\000d\000\040\000d\000e\000s\000i\000g\000n\000\040\000t\000o\000o\000l\000s}{chapter.4}% 8
\BOOKMARK [2][-]{subsection.4.2.1}{\376\377\000S\000t\000r\000u\000c\000t\000u\000r\000a\000l\000\040\000c\000o\000n\000t\000r\000o\000l\000l\000a\000b\000i\000l\000i\000t\000y\000\040\000a\000n\000a\000l\000y\000s\000i\000s}{section.4.2}% 9
\BOOKMARK [2][-]{subsection.4.2.2}{\376\377\000D\000i\000a\000g\000n\000o\000s\000i\000s}{section.4.2}% 10
\BOOKMARK [1][-]{section.4.3}{\376\377\000S\000c\000r\000i\000p\000t\000\040\000s\000i\000m\000u\000l\000a\000t\000i\000o\000n}{chapter.4}% 11
\BOOKMARK [0][-]{chapter.5}{\376\377\000E\000x\000a\000m\000p\000l\000e\000s\000\040\000o\000f\000\040\000u\000t\000i\000l\000i\000z\000a\000t\000i\000o\000n}{}% 12
\BOOKMARK [1][-]{section.5.1}{\376\377\000A\000n\000\040\000a\000s\000s\000e\000m\000b\000l\000y\000\040\000l\000i\000n\000e}{chapter.5}% 13
\BOOKMARK [1][-]{section.5.2}{\376\377\000A\000\040\000t\000r\000a\000f\000f\000i\000c\000\040\000s\000y\000s\000t\000e\000m}{chapter.5}% 14
\BOOKMARK [1][-]{section.5.3}{\376\377\000A\000\040\000b\000i\000o\000c\000h\000e\000m\000i\000c\000a\000l\000\040\000s\000y\000s\000t\000e\000m}{chapter.5}% 15
\BOOKMARK [1][-]{section.5.4}{\376\377\000A\000\040\000K\000a\000n\000b\000a\000n\000-\000l\000i\000k\000e\000\040\000f\000l\000e\000x\000i\000b\000l\000e\000\040\000m\000a\000n\000u\000f\000a\000c\000t\000u\000r\000i\000n\000g\000\040\000s\000y\000s\000t\000e\000m}{chapter.5}% 16
\BOOKMARK [1][-]{section.5.5}{\376\377\000F\000a\000u\000l\000t\000\040\000D\000i\000a\000g\000n\000o\000s\000i\000s\000\040\000w\000i\000t\000h\000\040\000c\000o\000n\000t\000i\000n\000u\000o\000u\000s\000\040\000P\000e\000t\000r\000i\000\040\000n\000e\000t\000s}{chapter.5}% 17
\BOOKMARK [2][-]{subsection.5.5.1}{\376\377\000E\000x\000a\000m\000p\000l\000e\000\040\0001}{section.5.5}% 18
\BOOKMARK [2][-]{subsection.5.5.2}{\376\377\000E\000x\000a\000m\000p\000l\000e\000\040\0002\000:\000\040\000\050\000a\000\040\000m\000a\000n\000u\000f\000a\000c\000t\000u\000r\000i\000n\000g\000\040\000s\000y\000s\000t\000e\000m\000\051}{section.5.5}% 19
\BOOKMARK [2][-]{subsection.5.5.3}{\376\377\000E\000x\000a\000m\000p\000l\000e\000\040\0003\000:\000\040\000\050\000u\000n\000o\000b\000s\000e\000r\000v\000a\000b\000l\000e\000\040\000a\000c\000y\000c\000l\000i\000c\000\040\000s\000u\000b\000n\000e\000t\000\051}{section.5.5}% 20
\BOOKMARK [0][-]{figure.5.11}{\376\377\000B\000i\000b\000l\000i\000o\000g\000r\000a\000p\000h\000y}{}% 21
