This is pdfTeX, Version 3.1415926-1.40.11 (TeX Live 2010) (format=latex 2011.2.4)  24 JAN 2012 09:39
entering extended mode
 restricted \write18 enabled.
 %&-line parsing enabled.
**SimHPNman.tex
(./SimHPNman.tex
LaTeX2e <2009/09/24>
Babel <v3.8l> and hyphenation patterns for english, dumylang, nohyphenation, ge
rman-x-2009-06-19, ngerman-x-2009-06-19, ancientgreek, ibycus, arabic, armenian
, basque, bulgarian, catalan, pinyin, coptic, croatian, czech, danish, dutch, u
kenglish, usenglishmax, esperanto, estonian, farsi, finnish, french, galician, 
german, ngerman, swissgerman, monogreek, greek, hungarian, icelandic, assamese,
 bengali, gujarati, hindi, kannada, malayalam, marathi, oriya, panjabi, tamil, 
telugu, indonesian, interlingua, irish, italian, kurmanji, lao, latin, latvian,
 lithuanian, mongolian, mongolianlmc, bokmal, nynorsk, polish, portuguese, roma
nian, russian, sanskrit, serbian, slovak, slovenian, spanish, swedish, turkish,
 turkmen, ukrainian, uppersorbian, welsh, loaded.
(./tesis_style.tex (/usr/local/texlive/2010/texmf-dist/tex/latex/base/book.cls
Document Class: book 2007/10/19 v1.4h Standard LaTeX document class
(/usr/local/texlive/2010/texmf-dist/tex/latex/base/bk10.clo
File: bk10.clo 2007/10/19 v1.4h Standard LaTeX file (size option)
)
\c@part=\count79
\c@chapter=\count80
\c@section=\count81
\c@subsection=\count82
\c@subsubsection=\count83
\c@paragraph=\count84
\c@subparagraph=\count85
\c@figure=\count86
\c@table=\count87
\abovecaptionskip=\skip41
\belowcaptionskip=\skip42
\bibindent=\dimen102
)
(/usr/local/texlive/2010/texmf-dist/tex/latex/graphics/graphicx.sty
Package: graphicx 1999/02/16 v1.0f Enhanced LaTeX Graphics (DPC,SPQR)

(/usr/local/texlive/2010/texmf-dist/tex/latex/graphics/keyval.sty
Package: keyval 1999/03/16 v1.13 key=value parser (DPC)
\KV@toks@=\toks14
)
(/usr/local/texlive/2010/texmf-dist/tex/latex/graphics/graphics.sty
Package: graphics 2009/02/05 v1.0o Standard LaTeX Graphics (DPC,SPQR)

(/usr/local/texlive/2010/texmf-dist/tex/latex/graphics/trig.sty
Package: trig 1999/03/16 v1.09 sin cos tan (DPC)
)
(/usr/local/texlive/2010/texmf-dist/tex/latex/latexconfig/graphics.cfg
File: graphics.cfg 2010/04/23 v1.9 graphics configuration of TeX Live
)
Package graphics Info: Driver file: dvips.def on input line 91.

(/usr/local/texlive/2010/texmf-dist/tex/latex/graphics/dvips.def
File: dvips.def 1999/02/16 v3.0i Driver-dependant file (DPC,SPQR)
))
\Gin@req@height=\dimen103
\Gin@req@width=\dimen104
)
(/usr/local/texlive/2010/texmf-dist/tex/latex/amsmath/amsmath.sty
Package: amsmath 2000/07/18 v2.13 AMS math features
\@mathmargin=\skip43

For additional information on amsmath, use the `?' option.
(/usr/local/texlive/2010/texmf-dist/tex/latex/amsmath/amstext.sty
Package: amstext 2000/06/29 v2.01

(/usr/local/texlive/2010/texmf-dist/tex/latex/amsmath/amsgen.sty
File: amsgen.sty 1999/11/30 v2.0
\@emptytoks=\toks15
\ex@=\dimen105
))
(/usr/local/texlive/2010/texmf-dist/tex/latex/amsmath/amsbsy.sty
Package: amsbsy 1999/11/29 v1.2d
\pmbraise@=\dimen106
)
(/usr/local/texlive/2010/texmf-dist/tex/latex/amsmath/amsopn.sty
Package: amsopn 1999/12/14 v2.01 operator names
)
\inf@bad=\count88
LaTeX Info: Redefining \frac on input line 211.
\uproot@=\count89
\leftroot@=\count90
LaTeX Info: Redefining \overline on input line 307.
\classnum@=\count91
\DOTSCASE@=\count92
LaTeX Info: Redefining \ldots on input line 379.
LaTeX Info: Redefining \dots on input line 382.
LaTeX Info: Redefining \cdots on input line 467.
\Mathstrutbox@=\box26
\strutbox@=\box27
\big@size=\dimen107
LaTeX Font Info:    Redeclaring font encoding OML on input line 567.
LaTeX Font Info:    Redeclaring font encoding OMS on input line 568.
\macc@depth=\count93
\c@MaxMatrixCols=\count94
\dotsspace@=\muskip10
\c@parentequation=\count95
\dspbrk@lvl=\count96
\tag@help=\toks16
\row@=\count97
\column@=\count98
\maxfields@=\count99
\andhelp@=\toks17
\eqnshift@=\dimen108
\alignsep@=\dimen109
\tagshift@=\dimen110
\tagwidth@=\dimen111
\totwidth@=\dimen112
\lineht@=\dimen113
\@envbody=\toks18
\multlinegap=\skip44
\multlinetaggap=\skip45
\mathdisplay@stack=\toks19
LaTeX Info: Redefining \[ on input line 2666.
LaTeX Info: Redefining \] on input line 2667.
)
(/usr/local/texlive/2010/texmf-dist/tex/latex/amsfonts/amsfonts.sty
Package: amsfonts 2009/06/22 v3.00 Basic AMSFonts support
\symAMSa=\mathgroup4
\symAMSb=\mathgroup5
LaTeX Font Info:    Overwriting math alphabet `\mathfrak' in version `bold'
(Font)                  U/euf/m/n --> U/euf/b/n on input line 96.
)
(/usr/local/texlive/2010/texmf-dist/tex/latex/amscls/amsthm.sty
Package: amsthm 2004/08/06 v2.20
\thm@style=\toks20
\thm@bodyfont=\toks21
\thm@headfont=\toks22
\thm@notefont=\toks23
\thm@headpunct=\toks24
\thm@preskip=\skip46
\thm@postskip=\skip47
\thm@headsep=\skip48
\dth@everypar=\toks25
)
(/usr/local/texlive/2010/texmf-dist/tex/latex/psfrag/psfrag.sty
Package: psfrag 1998/04/11 v3.04 PSfrag (MCG)
\pfg@pcount=\count100
\pfg@scount=\count101
\pfg@temp=\write3
)
(/usr/local/texlive/2010/texmf-dist/tex/latex/hyperref/hyperref.sty
Package: hyperref 2010/06/18 v6.81g Hypertext links for LaTeX

(/usr/local/texlive/2010/texmf-dist/tex/generic/oberdiek/ltxcmds.sty
Package: ltxcmds 2010/04/26 v1.7 LaTeX kernel commands for general use (HO)
)
(/usr/local/texlive/2010/texmf-dist/tex/generic/oberdiek/kvsetkeys.sty
Package: kvsetkeys 2010/03/01 v1.9 Key value parser (HO)

(/usr/local/texlive/2010/texmf-dist/tex/generic/oberdiek/infwarerr.sty
Package: infwarerr 2010/04/08 v1.3 Providing info/warning/message (HO)
)
(/usr/local/texlive/2010/texmf-dist/tex/generic/oberdiek/etexcmds.sty
Package: etexcmds 2010/01/28 v1.3 Prefix for e-TeX command names (HO)
Package etexcmds Info: Could not find \expanded.
(etexcmds)             That can mean that you are not using pdfTeX 1.50 or
(etexcmds)             that some package has redefined \expanded.
(etexcmds)             In the latter case, load this package earlier.
))
(/usr/local/texlive/2010/texmf-dist/tex/generic/oberdiek/pdfescape.sty
Package: pdfescape 2010/03/01 v1.9 Provides hex, PDF name and string conversion
s (HO)

(/usr/local/texlive/2010/texmf-dist/tex/generic/oberdiek/pdftexcmds.sty
Package: pdftexcmds 2010/04/01 v0.9 Utility functions of pdfTeX for LuaTeX (HO)


(/usr/local/texlive/2010/texmf-dist/tex/generic/oberdiek/ifluatex.sty
Package: ifluatex 2010/03/01 v1.3 Provides the ifluatex switch (HO)
Package ifluatex Info: LuaTeX not detected.
)
Package pdftexcmds Info: LuaTeX not detected.
Package pdftexcmds Info: \pdf@primitive is available.
Package pdftexcmds Info: \pdf@ifprimitive is available.
))
(/usr/local/texlive/2010/texmf-dist/tex/generic/oberdiek/ifpdf.sty
Package: ifpdf 2010/01/28 v2.1 Provides the ifpdf switch (HO)
Package ifpdf Info: pdfTeX in pdf mode not detected.
)
(/usr/local/texlive/2010/texmf-dist/tex/generic/oberdiek/ifvtex.sty
Package: ifvtex 2010/03/01 v1.5 Switches for detecting VTeX and its modes (HO)
Package ifvtex Info: VTeX not detected.
)
(/usr/local/texlive/2010/texmf-dist/tex/generic/ifxetex/ifxetex.sty
Package: ifxetex 2009/01/23 v0.5 Provides ifxetex conditional
)
(/usr/local/texlive/2010/texmf-dist/tex/latex/oberdiek/hycolor.sty
Package: hycolor 2009/12/12 v1.6 Color options of hyperref/bookmark (HO)

(/usr/local/texlive/2010/texmf-dist/tex/latex/oberdiek/xcolor-patch.sty
Package: xcolor-patch 2009/12/12 xcolor patch
))
(/usr/local/texlive/2010/texmf-dist/tex/latex/oberdiek/letltxmacro.sty
Package: letltxmacro 2008/06/24 v1.3 Let assignment for LaTeX macros (HO)
)
\@linkdim=\dimen114
\Hy@linkcounter=\count102
\Hy@pagecounter=\count103

(/usr/local/texlive/2010/texmf-dist/tex/latex/hyperref/pd1enc.def
File: pd1enc.def 2010/06/18 v6.81g Hyperref: PDFDocEncoding definition (HO)
)
(/usr/local/texlive/2010/texmf-dist/tex/generic/oberdiek/intcalc.sty
Package: intcalc 2007/09/27 v1.1 Expandable integer calculations (HO)
)
(/usr/local/texlive/2010/texmf-dist/tex/latex/latexconfig/hyperref.cfg
File: hyperref.cfg 2002/06/06 v1.2 hyperref configuration of TeXLive
)
(/usr/local/texlive/2010/texmf-dist/tex/latex/oberdiek/kvoptions.sty
Package: kvoptions 2010/02/22 v3.7 Keyval support for LaTeX options (HO)
)
Package hyperref Info: Hyper figures OFF on input line 3658.
Package hyperref Info: Link nesting OFF on input line 3663.
Package hyperref Info: Hyper index ON on input line 3666.
Package hyperref Info: Plain pages OFF on input line 3673.
Package hyperref Info: Backreferencing OFF on input line 3678.

Implicit mode ON; LaTeX internals redefined
Package hyperref Info: Bookmarks ON on input line 3874.
(/usr/local/texlive/2010/texmf-dist/tex/latex/url/url.sty
\Urlmuskip=\muskip11
Package: url 2006/04/12  ver 3.3  Verb mode for urls, etc.
)
LaTeX Info: Redefining \url on input line 4159.

(/usr/local/texlive/2010/texmf-dist/tex/generic/oberdiek/bitset.sty
Package: bitset 2007/09/28 v1.0 Data type bit set (HO)

(/usr/local/texlive/2010/texmf-dist/tex/generic/oberdiek/bigintcalc.sty
Package: bigintcalc 2007/11/11 v1.1 Expandable big integer calculations (HO)
))
\Fld@menulength=\count104
\Field@Width=\dimen115
\Fld@charsize=\dimen116
\Field@toks=\toks26
Package hyperref Info: Hyper figures OFF on input line 5137.
Package hyperref Info: Link nesting OFF on input line 5142.
Package hyperref Info: Hyper index ON on input line 5145.
Package hyperref Info: backreferencing OFF on input line 5152.
Package hyperref Info: Link coloring OFF on input line 5157.
Package hyperref Info: Link coloring with OCG OFF on input line 5162.
Package hyperref Info: PDF/A mode OFF on input line 5167.
LaTeX Info: Redefining \ref on input line 5207.
LaTeX Info: Redefining \pageref on input line 5211.

(/usr/local/texlive/2010/texmf-dist/tex/generic/oberdiek/atbegshi.sty
Package: atbegshi 2010/03/25 v1.12 At begin shipout hook (HO)
)
\Hy@abspage=\count105
\c@Item=\count106
\c@Hfootnote=\count107
)
* hyperref using driver hdvips *
(/usr/local/texlive/2010/texmf-dist/tex/latex/hyperref/hdvips.def
File: hdvips.def 2010/06/18 v6.81g Hyperref driver for dvips

(/usr/local/texlive/2010/texmf-dist/tex/latex/hyperref/pdfmark.def
File: pdfmark.def 2010/06/18 v6.81g Hyperref definitions for pdfmark specials
\pdf@docset=\toks27
\pdf@box=\box28
\pdf@toks=\toks28
\pdf@defaulttoks=\toks29
\Fld@listcount=\count108
\c@bookmark@seq@number=\count109

(/usr/local/texlive/2010/texmf-dist/tex/latex/oberdiek/rerunfilecheck.sty
Package: rerunfilecheck 2010/03/16 v1.6 Rerun checks for auxiliary files (HO)

(/usr/local/texlive/2010/texmf-dist/tex/latex/oberdiek/atveryend.sty
Package: atveryend 2010/03/24 v1.5 Hooks at very end of document (HO)
Package atveryend Info: \enddocument detected (standard).
)
(/usr/local/texlive/2010/texmf-dist/tex/generic/oberdiek/uniquecounter.sty
Package: uniquecounter 2009/12/18 v1.1 Provides unlimited unique counter (HO)
)
Package uniquecounter Info: New unique counter `rerunfilecheck' on input line 2
71.
)
\Hy@SectionHShift=\skip49
))
(/usr/local/texlive/2010/texmf-dist/tex/latex/subfigure/subfigure.sty
Package: subfigure 2002/03/15 v2.1.5 subfigure package
\subfigtopskip=\skip50
\subfigcapskip=\skip51
\subfigcaptopadj=\dimen117
\subfigbottomskip=\skip52
\subfigcapmargin=\dimen118
\subfiglabelskip=\skip53
\c@subfigure=\count110
\c@lofdepth=\count111
\c@subtable=\count112
\c@lotdepth=\count113

****************************************
* Local config file subfigure.cfg used *
****************************************
(/usr/local/texlive/2010/texmf-dist/tex/latex/subfigure/subfigure.cfg)
\subfig@top=\skip54
\subfig@bottom=\skip55
)
(/usr/local/texlive/2010/texmf-dist/tex/latex/fancyhdr/fancyhdr.sty
\fancy@headwidth=\skip56
\f@ncyO@elh=\skip57
\f@ncyO@erh=\skip58
\f@ncyO@olh=\skip59
\f@ncyO@orh=\skip60
\f@ncyO@elf=\skip61
\f@ncyO@erf=\skip62
\f@ncyO@olf=\skip63
\f@ncyO@orf=\skip64
))
(./macros.tex
\c@thm=\count114
) (/usr/local/texlive/2010/texmf-dist/tex/latex/graphics/color.sty
Package: color 2005/11/14 v1.0j Standard LaTeX Color (DPC)
(/usr/local/texlive/2010/texmf-dist/tex/latex/latexconfig/color.cfg
File: color.cfg 2007/01/18 v1.5 color configuration of teTeX/TeXLive
)
Package color Info: Driver file: dvips.def on input line 130.

(/usr/local/texlive/2010/texmf-dist/tex/latex/graphics/dvipsnam.def
File: dvipsnam.def 1999/02/16 v3.0i Driver-dependant file (DPC,SPQR)
))
(/usr/local/texlive/2010/texmf-dist/tex/latex/tools/verbatim.sty
Package: verbatim 2003/08/22 v1.5q LaTeX2e package for verbatim enhancements
\every@verbatim=\toks30
\verbatim@line=\toks31
\verbatim@in@stream=\read1
)

LaTeX Warning: Unused global option(s):
    [a4].

(./SimHPNman.aux)
\openout1 = `SimHPNman.aux'.

LaTeX Font Info:    Checking defaults for OML/cmm/m/it on input line 14.
LaTeX Font Info:    ... okay on input line 14.
LaTeX Font Info:    Checking defaults for T1/cmr/m/n on input line 14.
LaTeX Font Info:    ... okay on input line 14.
LaTeX Font Info:    Checking defaults for OT1/cmr/m/n on input line 14.
LaTeX Font Info:    ... okay on input line 14.
LaTeX Font Info:    Checking defaults for OMS/cmsy/m/n on input line 14.
LaTeX Font Info:    ... okay on input line 14.
LaTeX Font Info:    Checking defaults for OMX/cmex/m/n on input line 14.
LaTeX Font Info:    ... okay on input line 14.
LaTeX Font Info:    Checking defaults for U/cmr/m/n on input line 14.
LaTeX Font Info:    ... okay on input line 14.
LaTeX Font Info:    Checking defaults for PD1/pdf/m/n on input line 14.
LaTeX Font Info:    ... okay on input line 14.
\AtBeginShipoutBox=\box29
Package hyperref Info: Link coloring OFF on input line 14.

(/usr/local/texlive/2010/texmf-dist/tex/latex/hyperref/nameref.sty
Package: nameref 2010/04/30 v2.40 Cross-referencing by name of section

(/usr/local/texlive/2010/texmf-dist/tex/latex/oberdiek/refcount.sty
Package: refcount 2008/08/11 v3.1 Data extraction from references (HO)
)
(/usr/local/texlive/2010/texmf-dist/tex/generic/oberdiek/gettitlestring.sty
Package: gettitlestring 2009/12/18 v1.3 Cleanup title references (HO)
)
\c@section@level=\count115
)
LaTeX Info: Redefining \ref on input line 14.
LaTeX Info: Redefining \pageref on input line 14.
LaTeX Info: Redefining \nameref on input line 14.

(./SimHPNman.out) (./SimHPNman.out)
\@outlinefile=\write4
\openout4 = `SimHPNman.out'.

 (./Title.tex
File: figs/uz-w.eps Graphic file (type eps)
 <figs/uz-w.eps>
File: figs/diis-c.eps Graphic file (type eps)

<figs/diis-c.eps>
Overfull \hbox (44.9612pt too wide) in paragraph at lines 5--6
[][]   [] 
 []

) [1

] [2

] (./SimHPNman.toc
LaTeX Font Info:    Try loading font information for U+msa on input line 4.

(/usr/local/texlive/2010/texmf-dist/tex/latex/amsfonts/umsa.fd
File: umsa.fd 2009/06/22 v3.00 AMS symbols A
)
LaTeX Font Info:    Try loading font information for U+msb on input line 4.

(/usr/local/texlive/2010/texmf-dist/tex/latex/amsfonts/umsb.fd
File: umsb.fd 2009/06/22 v3.00 AMS symbols B
))
\tf@toc=\write5
\openout5 = `SimHPNman.toc'.

 [1


] [2

]
(./Intro.tex
Section 1.
[1


]
File: figs/mainScreen.eps Graphic file (type eps)
 <figs/mainScreen.eps> [2]) (./Installation.tex [3] [4

]
Section 2.

Underfull \hbox (badness 10000) in paragraph at lines 7--10
\OT1/cmr/m/n/10 The $\OML/cmm/m/it/10 SimHPN$ \OT1/cmr/m/n/10 tool-box has been
 de-vel-oped in the GISED re-
 []


Underfull \hbox (badness 4229) in paragraph at lines 7--10
\OT1/cmr/m/n/10 search group (Group of Dis-crete Event Sys-tems En-gi-neer-ing,
 \OT1/cmr/bx/n/10 URL:
 []


Underfull \hbox (badness 1117) in paragraph at lines 7--10
[][][][]\OT1/cmr/m/n/10 ), Uni-ver-sity of Zaragoza, Spain. It
 []

[5]) (./contPN.tex [6

]
Section 3.
File: figs/modelo2.eps Graphic file (type eps)
<figs/modelo2.eps> [7] [8]
LaTeX Font Info:    Try loading font information for OMS+cmr on input line 119.


(/usr/local/texlive/2010/texmf-dist/tex/latex/base/omscmr.fd
File: omscmr.fd 1999/05/25 v2.5h Standard LaTeX font definitions
)
LaTeX Font Info:    Font shape `OMS/cmr/m/n' in size <10> not available
(Font)              Font shape `OMS/cmsy/m/n' tried instead on input line 119.
 [9] [10])
(./simhpn.tex
Section 4.

Overfull \hbox (15.68507pt too wide) in paragraph at lines 8--9
[]\OT1/cmr/m/n/10 The $\OML/cmm/m/it/10 SimHPN$ \OT1/cmr/m/n/10 tool-box ([][][
][])
 []

File: figs/mainScreen2.eps Graphic file (type eps)
<figs/mainScreen2.eps> [11

] [12] [13]
File: figs/diag1.eps Graphic file (type eps)
 <figs/diag1.eps> [14]
Overfull \hbox (17.24684pt too wide) in paragraph at lines 111--111
[]\OT1/cmtt/m/n/10 [m,f,t] = SimHPN_Simul(Pre, Post, m0, tf, lambda, seman, ere
l, eabs); 
 []

[15]
Underfull \hbox (badness 1072) in paragraph at lines 133--135
[]\OT1/cmr/bx/n/10 Hybrid Petri net\OT1/cmr/m/n/10 . If the net is not purely c
on-tin-u-ous, func-tion
 []


Overfull \hbox (48.74657pt too wide) in paragraph at lines 137--137
[]\OT1/cmtt/m/n/10 [m,f,t] = SimHPN_SimHyb(Pre,Post,lambda,type,m0,nsim,tsim,se
man,mode,delta)[] 
 []

[16] [17]) (./case_studies.tex [18

]
Section 5.
File: figs/fmsmodi.eps Graphic file (type eps)
<figs/fmsmodi.eps> [19] [20] [21] [22]
File: figs/traffic1.eps Graphic file (type eps)
 <figs/traffic1.eps>
File: figs/traffic4.eps Graphic file (type eps)
 <figs/traffic4.eps>
[23]
File: figs/bioches.eps Graphic file (type eps)
 <figs/bioches.eps> [24]
File: figs/mf1c1.eps Graphic file (type eps)
 <figs/mf1c1.eps>
File: figs/mf1c2.eps Graphic file (type eps)
 <figs/mf1c2.eps> [25]

LaTeX Warning: No positions in optional float specifier.
               Default added (so using `tbp') on input line 286.

File: figs/fig1.eps Graphic file (type eps)
<figs/fig1.eps> [26]
Overfull \hbox (22.4968pt too wide) in paragraph at lines 332--332
[]\OT1/cmtt/m/n/10 Vertices of the set of consistent markings (vertices of \bar
 Y(m_0,w))[] 
 []


Underfull \vbox (badness 1253) has occurred while \output is active []

 [27]
Overfull \hbox (22.4968pt too wide) in paragraph at lines 347--347
[]\OT1/cmtt/m/n/10 Vertices of the set of consistent markings (vertices of \bar
 Y(m_0,w))[] 
 []


Overfull \hbox (22.4968pt too wide) in paragraph at lines 366--366
[]\OT1/cmtt/m/n/10 Vertices of the set of consistent markings (vertices of \bar
 Y(m_0,w))[] 
 []


Underfull \vbox (badness 10000) has occurred while \output is active []

 [28]
Overfull \hbox (22.4968pt too wide) in paragraph at lines 397--397
[]\OT1/cmtt/m/n/10 Vertices of the set of consistent markings (vertices of \bar
 Y(m_0,w))[] 
 []

File: figs/manufacturing.eps Graphic file (type eps)
<figs/manufacturing.eps>
Underfull \hbox (badness 1436) in paragraph at lines 424--426
[]\OT1/cmr/m/n/10 The ma-tri-ces $\OML/cmm/m/it/10 Pre$\OT1/cmr/m/n/10 , $\OML/
cmm/m/it/10 Post$ \OT1/cmr/m/n/10 and $\OML/cmm/m/it/10 m[]$ \OT1/cmr/m/n/10 ar
e de-fined in the MAT-LAB file
 []


Underfull \hbox (badness 10000) in paragraph at lines 430--431
[]\OT1/cmr/m/n/10 Sequence of ob-served fir-ing quan-tity of tran-si-tions:
 []

[29] [30]
Underfull \hbox (badness 10000) in paragraph at lines 435--441
\OML/cmm/m/it/10 t[]\OT1/cmr/m/n/10 (1)\OML/cmm/m/it/10 t[]\OT1/cmr/m/n/10 (1)\
OML/cmm/m/it/10 t[]\OT1/cmr/m/n/10 (1)\OML/cmm/m/it/10 t[]\OT1/cmr/m/n/10 (1)\O
ML/cmm/m/it/10 t[]\OT1/cmr/m/n/10 (1)\OML/cmm/m/it/10 t[]\OT1/cmr/m/n/10 (1)\OM
L/cmm/m/it/10 t[]\OT1/cmr/m/n/10 (1)\OML/cmm/m/it/10 t[]\OT1/cmr/m/n/10 (1)\OML
/cmm/m/it/10 t[]\OT1/cmr/m/n/10 (1)\OML/cmm/m/it/10 t[]\OT1/cmr/m/n/10 (1)\OML/
cmm/m/it/10 t[]\OT1/cmr/m/n/10 (1)\OML/cmm/m/it/10 t[]\OT1/cmr/m/n/10 (1)\OML/c
mm/m/it/10 t[]\OT1/cmr/m/n/10 (1)\OML/cmm/m/it/10 t[]\OT1/cmr/m/n/10 (1)\OML/cm
m/m/it/10 t[]\OT1/cmr/m/n/10 (1)$.
 []

File: figs/example2.eps Graphic file (type eps)
<figs/example2.eps> [31]
Underfull \hbox (badness 1708) in paragraph at lines 474--480
\OT1/cmr/m/n/10 of ob-serv-able tran-si-tions is $6$ and the con-sid-ered ob-se
r-va-tion is $\OML/cmm/m/it/10 w \OT1/cmr/m/n/10 =
 []


Overfull \hbox (22.4968pt too wide) in paragraph at lines 503--503
[]\OT1/cmtt/m/n/10 Vertices of the set of consistent markings (vertices of \bar
 Y(m_0,w))[] 
 []

[32]
Overfull \hbox (22.4968pt too wide) in paragraph at lines 517--517
[]\OT1/cmtt/m/n/10 Vertices of the set of consistent markings (vertices of \bar
 Y(m_0,w))[] 
 []


Overfull \hbox (22.4968pt too wide) in paragraph at lines 537--537
[]\OT1/cmtt/m/n/10 Vertices of the set of consistent markings (vertices of \bar
 Y(m_0,w))[] 
 []


Underfull \vbox (badness 10000) has occurred while \output is active []

 [33]
Overfull \hbox (22.4968pt too wide) in paragraph at lines 562--562
[]\OT1/cmtt/m/n/10 Vertices of the set of consistent markings (vertices of \bar
 Y(m_0,w))[] 
 []


Overfull \hbox (22.4968pt too wide) in paragraph at lines 576--576
[]\OT1/cmtt/m/n/10 Vertices of the set of consistent markings (vertices of \bar
 Y(m_0,w))[] 
 []


Overfull \hbox (22.4968pt too wide) in paragraph at lines 590--590
[]\OT1/cmtt/m/n/10 Vertices of the set of consistent markings (vertices of \bar
 Y(m_0,w))[] 
 []


Underfull \vbox (badness 10000) has occurred while \output is active []

 [34]
Overfull \hbox (38.24666pt too wide) in paragraph at lines 601--601
[]\OT1/cmtt/m/n/10 Observed sequence:  t1(0.10) t2(0.10) t5(0.30) t4(0.10) t1(0
.10) t3(0.10)[] 
 []


Overfull \hbox (22.4968pt too wide) in paragraph at lines 608--608
[]\OT1/cmtt/m/n/10 Vertices of the set of consistent markings (vertices of \bar
 Y(m_0,w))[] 
 []

[35]) (./SimHPNman.bbl [36

] [37]
Underfull \hbox (badness 1939) in paragraph at lines 62--66
[]\OT1/cmr/m/n/10 Jorge J^^Sulvez, Cris-tian Mahulea, and Carlos-Renato V^^Sazq
uez.
 []

[38])
Package atveryend Info: Empty hook `BeforeClearDocument' on input line 68.
 [39]
Package atveryend Info: Empty hook `AfterLastShipout' on input line 68.
 (./SimHPNman.aux)
Package atveryend Info: Executing hook `AtVeryEndDocument' on input line 68.
Package rerunfilecheck Info: File `SimHPNman.out' has not changed.
(rerunfilecheck)             Checksum: 0F6995CB3D2E441E910360C68A89B4BA;1127.
 ) 
Here is how much of TeX's memory you used:
 5921 strings out of 493748
 85413 string characters out of 3143570
 167541 words of memory out of 3000000
 9045 multiletter control sequences out of 15000+200000
 17157 words of font info for 62 fonts, out of 3000000 for 9000
 714 hyphenation exceptions out of 8191
 35i,14n,43p,1038b,443s stack positions out of 5000i,500n,10000p,200000b,50000s

Output written on SimHPNman.dvi (43 pages, 160388 bytes).
